c:\users\w9402\onedrive\바탕 화면\플러그인 프로그래밍\unityaddon_ver1\sourcecode\plotterhelper\plotterhelper\x64\release\plotterhelper.pch
c:\users\w9402\onedrive\바탕 화면\플러그인 프로그래밍\unityaddon_ver1\sourcecode\plotterhelper\plotterhelper\x64\release\vc143.pdb
c:\users\w9402\onedrive\바탕 화면\플러그인 프로그래밍\unityaddon_ver1\sourcecode\plotterhelper\plotterhelper\x64\release\pch.obj
c:\users\w9402\onedrive\바탕 화면\플러그인 프로그래밍\unityaddon_ver1\sourcecode\plotterhelper\plotterhelper\x64\release\vertexmodifier.obj
c:\users\w9402\onedrive\바탕 화면\플러그인 프로그래밍\unityaddon_ver1\sourcecode\plotterhelper\plotterhelper\x64\release\vertexhelper.obj
c:\users\w9402\onedrive\바탕 화면\플러그인 프로그래밍\unityaddon_ver1\sourcecode\plotterhelper\plotterhelper\x64\release\structmanager.obj
c:\users\w9402\onedrive\바탕 화면\플러그인 프로그래밍\unityaddon_ver1\sourcecode\plotterhelper\plotterhelper\x64\release\plothelper.obj
c:\users\w9402\onedrive\바탕 화면\플러그인 프로그래밍\unityaddon_ver1\sourcecode\plotterhelper\plotterhelper\x64\release\plotdataholder.obj
c:\users\w9402\onedrive\바탕 화면\플러그인 프로그래밍\unityaddon_ver1\sourcecode\plotterhelper\plotterhelper\x64\release\plotdatahandler.obj
c:\users\w9402\onedrive\바탕 화면\플러그인 프로그래밍\unityaddon_ver1\sourcecode\plotterhelper\plotterhelper\x64\release\outputlayer.obj
c:\users\w9402\onedrive\바탕 화면\플러그인 프로그래밍\unityaddon_ver1\sourcecode\plotterhelper\plotterhelper\x64\release\meshgenerator.obj
c:\users\w9402\onedrive\바탕 화면\플러그인 프로그래밍\unityaddon_ver1\sourcecode\plotterhelper\plotterhelper\x64\release\dllmain.obj
c:\users\w9402\onedrive\바탕 화면\플러그인 프로그래밍\unityaddon_ver1\sourcecode\plotterhelper\plotterhelper\x64\release\customvertex.obj
c:\users\w9402\onedrive\바탕 화면\플러그인 프로그래밍\unityaddon_ver1\sourcecode\plotterhelper\plotterhelper\x64\release\plotterhelper.dll
c:\users\w9402\onedrive\바탕 화면\플러그인 프로그래밍\unityaddon_ver1\sourcecode\plotterhelper\plotterhelper\x64\release\plotterhelper.pdb
c:\users\w9402\onedrive\바탕 화면\플러그인 프로그래밍\unityaddon_ver1\sourcecode\plotterhelper\plotterhelper\x64\release\plotterhelper.lib
c:\users\w9402\onedrive\바탕 화면\플러그인 프로그래밍\unityaddon_ver1\sourcecode\plotterhelper\plotterhelper\x64\release\plotterhelper.exp
c:\users\w9402\onedrive\바탕 화면\플러그인 프로그래밍\unityaddon_ver1\sourcecode\plotterhelper\plotterhelper\x64\release\plotterhelper.ipdb
c:\users\w9402\onedrive\바탕 화면\플러그인 프로그래밍\unityaddon_ver1\sourcecode\plotterhelper\plotterhelper\x64\release\plotterhelper.iobj
c:\users\w9402\onedrive\바탕 화면\플러그인 프로그래밍\unityaddon_ver1\sourcecode\plotterhelper\plotterhelper\x64\release\plotterhelper.tlog\cl.command.1.tlog
c:\users\w9402\onedrive\바탕 화면\플러그인 프로그래밍\unityaddon_ver1\sourcecode\plotterhelper\plotterhelper\x64\release\plotterhelper.tlog\cl.items.tlog
c:\users\w9402\onedrive\바탕 화면\플러그인 프로그래밍\unityaddon_ver1\sourcecode\plotterhelper\plotterhelper\x64\release\plotterhelper.tlog\cl.read.1.tlog
c:\users\w9402\onedrive\바탕 화면\플러그인 프로그래밍\unityaddon_ver1\sourcecode\plotterhelper\plotterhelper\x64\release\plotterhelper.tlog\cl.write.1.tlog
c:\users\w9402\onedrive\바탕 화면\플러그인 프로그래밍\unityaddon_ver1\sourcecode\plotterhelper\plotterhelper\x64\release\plotterhelper.tlog\link.command.1.tlog
c:\users\w9402\onedrive\바탕 화면\플러그인 프로그래밍\unityaddon_ver1\sourcecode\plotterhelper\plotterhelper\x64\release\plotterhelper.tlog\link.read.1.tlog
c:\users\w9402\onedrive\바탕 화면\플러그인 프로그래밍\unityaddon_ver1\sourcecode\plotterhelper\plotterhelper\x64\release\plotterhelper.tlog\link.write.1.tlog
c:\users\w9402\onedrive\바탕 화면\플러그인 프로그래밍\unityaddon_ver1\sourcecode\plotterhelper\plotterhelper\x64\release\plotterhelper.tlog\link.write.2u.tlog
