c:\users\w9402\onedrive\바탕 화면\플러그인 프로그래밍\plotmeshbuilder\plotmeshbuilder_ver1\plotmeshbuilder\x64\release\plotmeshbuilder.pch
c:\users\w9402\onedrive\바탕 화면\플러그인 프로그래밍\plotmeshbuilder\plotmeshbuilder_ver1\plotmeshbuilder\x64\release\vc143.pdb
c:\users\w9402\onedrive\바탕 화면\플러그인 프로그래밍\plotmeshbuilder\plotmeshbuilder_ver1\plotmeshbuilder\x64\release\pch.obj
c:\users\w9402\onedrive\바탕 화면\플러그인 프로그래밍\plotmeshbuilder\plotmeshbuilder_ver1\plotmeshbuilder\x64\release\vertexmodifier.obj
c:\users\w9402\onedrive\바탕 화면\플러그인 프로그래밍\plotmeshbuilder\plotmeshbuilder_ver1\plotmeshbuilder\x64\release\vertexhelper.obj
c:\users\w9402\onedrive\바탕 화면\플러그인 프로그래밍\plotmeshbuilder\plotmeshbuilder_ver1\plotmeshbuilder\x64\release\structmanager.obj
c:\users\w9402\onedrive\바탕 화면\플러그인 프로그래밍\plotmeshbuilder\plotmeshbuilder_ver1\plotmeshbuilder\x64\release\plothelper.obj
c:\users\w9402\onedrive\바탕 화면\플러그인 프로그래밍\plotmeshbuilder\plotmeshbuilder_ver1\plotmeshbuilder\x64\release\plotdataholder.obj
c:\users\w9402\onedrive\바탕 화면\플러그인 프로그래밍\plotmeshbuilder\plotmeshbuilder_ver1\plotmeshbuilder\x64\release\plotdatahandler.obj
c:\users\w9402\onedrive\바탕 화면\플러그인 프로그래밍\plotmeshbuilder\plotmeshbuilder_ver1\plotmeshbuilder\x64\release\outputlayer.obj
c:\users\w9402\onedrive\바탕 화면\플러그인 프로그래밍\plotmeshbuilder\plotmeshbuilder_ver1\plotmeshbuilder\x64\release\meshgenerator.obj
c:\users\w9402\onedrive\바탕 화면\플러그인 프로그래밍\plotmeshbuilder\plotmeshbuilder_ver1\plotmeshbuilder\x64\release\dllmain.obj
c:\users\w9402\onedrive\바탕 화면\플러그인 프로그래밍\plotmeshbuilder\plotmeshbuilder_ver1\plotmeshbuilder\x64\release\customvertex.obj
c:\users\w9402\onedrive\바탕 화면\플러그인 프로그래밍\plotmeshbuilder\plotmeshbuilder_ver1\plotmeshbuilder\x64\release\plotmeshbuilder.dll
c:\users\w9402\onedrive\바탕 화면\플러그인 프로그래밍\plotmeshbuilder\plotmeshbuilder_ver1\plotmeshbuilder\x64\release\plotmeshbuilder.pdb
c:\users\w9402\onedrive\바탕 화면\플러그인 프로그래밍\plotmeshbuilder\plotmeshbuilder_ver1\plotmeshbuilder\x64\release\plotmeshbuilder.lib
c:\users\w9402\onedrive\바탕 화면\플러그인 프로그래밍\plotmeshbuilder\plotmeshbuilder_ver1\plotmeshbuilder\x64\release\plotmeshbuilder.exp
c:\users\w9402\onedrive\바탕 화면\플러그인 프로그래밍\plotmeshbuilder\plotmeshbuilder_ver1\plotmeshbuilder\x64\release\plotmeshbuilder.ipdb
c:\users\w9402\onedrive\바탕 화면\플러그인 프로그래밍\plotmeshbuilder\plotmeshbuilder_ver1\plotmeshbuilder\x64\release\plotmeshbuilder.iobj
c:\users\w9402\onedrive\바탕 화면\플러그인 프로그래밍\plotmeshbuilder\plotmeshbuilder_ver1\plotmeshbuilder\x64\release\plotmeshbuilder.tlog\cl.command.1.tlog
c:\users\w9402\onedrive\바탕 화면\플러그인 프로그래밍\plotmeshbuilder\plotmeshbuilder_ver1\plotmeshbuilder\x64\release\plotmeshbuilder.tlog\cl.items.tlog
c:\users\w9402\onedrive\바탕 화면\플러그인 프로그래밍\plotmeshbuilder\plotmeshbuilder_ver1\plotmeshbuilder\x64\release\plotmeshbuilder.tlog\cl.read.1.tlog
c:\users\w9402\onedrive\바탕 화면\플러그인 프로그래밍\plotmeshbuilder\plotmeshbuilder_ver1\plotmeshbuilder\x64\release\plotmeshbuilder.tlog\cl.write.1.tlog
c:\users\w9402\onedrive\바탕 화면\플러그인 프로그래밍\plotmeshbuilder\plotmeshbuilder_ver1\plotmeshbuilder\x64\release\plotmeshbuilder.tlog\link.command.1.tlog
c:\users\w9402\onedrive\바탕 화면\플러그인 프로그래밍\plotmeshbuilder\plotmeshbuilder_ver1\plotmeshbuilder\x64\release\plotmeshbuilder.tlog\link.read.1.tlog
c:\users\w9402\onedrive\바탕 화면\플러그인 프로그래밍\plotmeshbuilder\plotmeshbuilder_ver1\plotmeshbuilder\x64\release\plotmeshbuilder.tlog\link.write.1.tlog
c:\users\w9402\onedrive\바탕 화면\플러그인 프로그래밍\plotmeshbuilder\plotmeshbuilder_ver1\plotmeshbuilder\x64\release\plotmeshbuilder.tlog\link.write.2u.tlog
